<?xml version="1.0" encoding="UTF-8"?>
<testsuite xmlns:xsi="http://www.w3.org/2001/XMLSchema-instance" xsi:noNamespaceSchemaLocation="https://maven.apache.org/surefire/maven-surefire-plugin/xsd/surefire-test-report.xsd" name="TestSuite" time="22.426" tests="1" errors="0" skipped="0" failures="1">
  <properties>
[...]
</properties>
  <testcase name="RegistrationTest" classname="com.wikato.register.Test1" time="12.642">
    <failure message="Cannot run program &quot;C:\Peushan\Fileupload.exe&quot;: CreateProcess error=2, The system cannot find the file specified" type="java.io.IOException">java.io.IOException: Cannot run program "C:\Peushan\Fileupload.exe": CreateProcess error=2, The system cannot find the file specified
	at com.wikato.register.Test1.RegistrationTest(Test1.java:27)
Caused by: java.io.IOException: CreateProcess error=2, The system cannot find the file specified
	at com.wikato.register.Test1.RegistrationTest(Test1.java:27)
</failure>
    <system-out><![CDATA[19:26:16.438 INFO  BasePage.naviagteSearch:29  User can see the Home Screen
19:26:20.171 INFO  BasePage.naviagteSearch:31  User click on the Search
]]></system-out>
    <system-err><![CDATA[Starting ChromeDriver 2.32.498550 (9dec58e66c31bcc53a9ce3c7226f0c1c5810906a) on port 31816
Only local connections are allowed.
Sep 17, 2017 7:26:11 PM org.openqa.selenium.remote.ProtocolHandshake createSession
INFO: Detected dialect: OSS
]]></system-err>
  </testcase>
</testsuite>