<?xml version="1.0" encoding="UTF-8"?>
<!-- Generated by org.testng.reporters.JUnitXMLReporter -->
<testsuite hostname="Peushan" ignored="0" name="Test Register" tests="1" failures="1" timestamp="17 Sep 2017 07:26:30 GMT" time="13.914" errors="0">
  <testcase name="RegistrationTest" time="12.626" classname="com.wikato.register.Test1">
    <failure type="java.io.IOException" message="Cannot run program &amp;quot;C:\Peushan\Fileupload.exe&amp;quot;: CreateProcess error=2, The system cannot find the file specified">
      <![CDATA[java.io.IOException: Cannot run program "C:\Peushan\Fileupload.exe": CreateProcess error=2, The system cannot find the file specified
	at java.lang.ProcessBuilder.start(ProcessBuilder.java:1048)
	at java.lang.Runtime.exec(Runtime.java:620)
	at java.lang.Runtime.exec(Runtime.java:450)
	at java.lang.Runtime.exec(Runtime.java:347)
	at com.wikato.pageobjects.InstructorRegister.register(InstructorRegister.java:55)
	at com.wikato.register.Test1.RegistrationTest(Test1.java:27)
Caused by: java.io.IOException: CreateProcess error=2, The system cannot find the file specified
	at java.lang.ProcessImpl.create(Native Method)
	at java.lang.ProcessImpl.<init>(ProcessImpl.java:386)
	at java.lang.ProcessImpl.start(ProcessImpl.java:137)
	at java.lang.ProcessBuilder.start(ProcessBuilder.java:1029)
	... 33 more
... Removed 28 stack frames]]>
    </failure>
  </testcase> <!-- RegistrationTest -->
</testsuite> <!-- Test Register -->
